Using pre-set license
Built from '2020.3/staging' branch; Version is '2020.3.26f1 (7298b473bc1a) revision 7510196'; Using compiler version '192528614'; Build Type 'Release'
OS: 'Windows 7  (6.1.0) 64bit HomePremium' Language: 'en' Physical Memory: 8141 MB
BatchMode: 1, IsHumanControllingUs: 0, StartBugReporterOnCrash: 0, Is64bit: 1, IsPro: 0

COMMAND LINE ARGUMENTS:
D:\Program Files\Unity\editors\2020.3.26f1\Editor\Unity.exe
-adb2
-batchMode
-noUpm
-name
AssetImportWorker0
-projectPath
D:/Stuff/creative/unity/create with code/GitRepositories/Jr-Programmer-OOP-Mission/Jr-Programmer-OOP-Mission
-logFile
Logs/AssetImportWorker0.log
-srvPort
59802
Successfully changed project path to: D:/Stuff/creative/unity/create with code/GitRepositories/Jr-Programmer-OOP-Mission/Jr-Programmer-OOP-Mission
D:/Stuff/creative/unity/create with code/GitRepositories/Jr-Programmer-OOP-Mission/Jr-Programmer-OOP-Mission
Using Asset Import Pipeline V2.
Refreshing native plugins compatible for Editor in 33.70 ms, found 2 plugins.
Preloading 0 native plugins for Editor in 0.00 ms.
Initialize engine version: 2020.3.26f1 (7298b473bc1a)
[Subsystems] Discovering subsystems at path D:/Program Files/Unity/editors/2020.3.26f1/Editor/Data/Resources/UnitySubsystems
[Subsystems] Discovering subsystems at path D:/Stuff/creative/unity/create with code/GitRepositories/Jr-Programmer-OOP-Mission/Jr-Programmer-OOP-Mission/Assets
GfxDevice: creating device client; threaded=0
d3d11: CreateDXGIFactory2(...) not found, fallbacking to CreateDXGIFactory1(...).
d3d11: QueryInterface(IDXGIFactory5) failed (80004002).
Direct3D:
    Version:  Direct3D 11.0 [level 11.0]
    Renderer: NVIDIA GeForce GTX 1060 6GB (ID=0x1c03)
    Vendor:   
    VRAM:     6036 MB
    Driver:   30.0.14.7141
Initialize mono
Mono path[0] = 'D:/Program Files/Unity/editors/2020.3.26f1/Editor/Data/Managed'
Mono path[1] = 'D:/Program Files/Unity/editors/2020.3.26f1/Editor/Data/MonoBleedingEdge/lib/mono/unityjit'
Mono config path = 'D:/Program Files/Unity/editors/2020.3.26f1/Editor/Data/MonoBleedingEdge/etc'
Using monoOptions --debugger-agent=transport=dt_socket,embedding=1,server=y,suspend=n,address=127.0.0.1:56072
Begin MonoManager ReloadAssembly
Registering precompiled unity dll's ...
Register platform support module: D:/Program Files/Unity/editors/2020.3.26f1/Editor/Data/PlaybackEngines/WebGLSupport/UnityEditor.WebGL.Extensions.dll
Register platform support module: D:/Program Files/Unity/editors/2020.3.26f1/Editor/Data/PlaybackEngines/WindowsStandaloneSupport/UnityEditor.WindowsStandalone.Extensions.dll
Registered in 0.001001 seconds.
Native extension for WindowsStandalone target not found
Native extension for WebGL target not found
Refreshing native plugins compatible for Editor in 34.13 ms, found 2 plugins.
Preloading 0 native plugins for Editor in 0.00 ms.
Mono: successfully reloaded assembly
- Completed reload, in  0.577 seconds
Domain Reload Profiling:
	ReloadAssembly (577ms)
		BeginReloadAssembly (47ms)
			ExecutionOrderSort (0ms)
			DisableScriptedObjects (0ms)
			BackupInstance (0ms)
			ReleaseScriptingObjects (0ms)
			CreateAndSetChildDomain (1ms)
		EndReloadAssembly (464ms)
			LoadAssemblies (47ms)
			RebuildTransferFunctionScriptingTraits (0ms)
			SetupTypeCache (154ms)
			ReleaseScriptCaches (0ms)
			RebuildScriptCaches (33ms)
			SetupLoadedEditorAssemblies (175ms)
				LogAssemblyErrors (0ms)
				InitializePlatformSupportModulesInManaged (5ms)
				SetLoadedEditorAssemblies (0ms)
				RefreshPlugins (34ms)
				BeforeProcessingInitializeOnLoad (18ms)
				ProcessInitializeOnLoadAttributes (88ms)
				ProcessInitializeOnLoadMethodAttributes (30ms)
				AfterProcessingInitializeOnLoad (0ms)
				EditorAssembliesLoaded (0ms)
			ExecutionOrderSort2 (0ms)
			AwakeInstancesAfterBackupRestoration (0ms)
Platform modules already initialized, skipping
Registering precompiled user dll's ...
Registered in 0.002573 seconds.
Begin MonoManager ReloadAssembly
Native extension for WindowsStandalone target not found
Native extension for WebGL target not found
Refreshing native plugins compatible for Editor in 0.32 ms, found 2 plugins.
Preloading 0 native plugins for Editor in 0.00 ms.
Mono: successfully reloaded assembly
- Completed reload, in  0.983 seconds
Domain Reload Profiling:
	ReloadAssembly (983ms)
		BeginReloadAssembly (133ms)
			ExecutionOrderSort (0ms)
			DisableScriptedObjects (6ms)
			BackupInstance (0ms)
			ReleaseScriptingObjects (0ms)
			CreateAndSetChildDomain (16ms)
		EndReloadAssembly (793ms)
			LoadAssemblies (78ms)
			RebuildTransferFunctionScriptingTraits (0ms)
			SetupTypeCache (280ms)
			ReleaseScriptCaches (0ms)
			RebuildScriptCaches (41ms)
			SetupLoadedEditorAssemblies (294ms)
				LogAssemblyErrors (0ms)
				InitializePlatformSupportModulesInManaged (5ms)
				SetLoadedEditorAssemblies (0ms)
				RefreshPlugins (0ms)
				BeforeProcessingInitializeOnLoad (76ms)
				ProcessInitializeOnLoadAttributes (201ms)
				ProcessInitializeOnLoadMethodAttributes (9ms)
				AfterProcessingInitializeOnLoad (2ms)
				EditorAssembliesLoaded (0ms)
			ExecutionOrderSort2 (0ms)
			AwakeInstancesAfterBackupRestoration (6ms)
Platform modules already initialized, skipping
========================================================================
Worker process is ready to serve import requests
Launched and connected shader compiler UnityShaderCompiler.exe after 0.02 seconds
Refreshing native plugins compatible for Editor in 0.37 ms, found 2 plugins.
Preloading 0 native plugins for Editor in 0.00 ms.
Unloading 1502 Unused Serialized files (Serialized files now loaded: 0)
System memory in use before: 68.1 MB.
System memory in use after: 68.2 MB.

Unloading 19 unused Assets to reduce memory usage. Loaded Objects now: 1934.
Total: 2.924358 ms (FindLiveObjects: 0.123185 ms CreateObjectMapping: 0.046194 ms MarkObjects: 2.654891 ms  DeleteObjects: 0.098805 ms)

AssetImportParameters requested are different than current active one (requested -> active):
  custom:framework-win-MediaFoundation: 216162199b28c13a410421893ffa2e32 -> 
  custom:video-decoder-ogg-theora: a1e56fd34408186e4bbccfd4996cb3dc -> 
  custom:container-muxer-webm: aa71ff27fc2769a1b78a27578f13a17b -> 
  custom:container-demuxer-webm: 4f35f7cbe854078d1ac9338744f61a02 -> 
  custom:container-demuxer-ogg: 62fdf1f143b41e24485cea50d1cbac27 -> 
  custom:video-encoder-webm-vp8: eb34c28f22e8b96e1ab97ce403110664 -> 
  custom:video-decoder-webm-vp8: 9c59270c3fd7afecdb556c50c9e8de78 -> 
  custom:audio-decoder-ogg-vorbis: bf7c407c2cedff20999df2af8eb42d56 -> 
  custom:audio-encoder-webm-vorbis: bf7c407c2cedff20999df2af8eb42d56 -> 
========================================================================
Received Import Request.
  path: Assets
  artifactKey: Guid(00000000000000001000000000000000) Importer(815301076,1909f56bfc062723c751e8b465ee728b)
Start importing Assets using Guid(00000000000000001000000000000000) Importer(815301076,1909f56bfc062723c751e8b465ee728b)  -> (artifact id: '42d402b061de3733987d63b9cc3b64de') in 0.003658 seconds 
  Import took 0.006163 seconds .

========================================================================
Received Import Request.
  Time since last request: 5.136528 seconds.
  path: Assets/Prefabs
  artifactKey: Guid(ba1e68d5967b05b47b16ab706785305b) Importer(815301076,1909f56bfc062723c751e8b465ee728b)
Start importing Assets/Prefabs using Guid(ba1e68d5967b05b47b16ab706785305b) Importer(815301076,1909f56bfc062723c751e8b465ee728b)  -> (artifact id: '8bae2e2baf4af98fe3eda0d06b3673fb') in 0.001186 seconds 
  Import took 0.003759 seconds .

========================================================================
Received Import Request.
  Time since last request: 13.265320 seconds.
  path: Assets/Materials
  artifactKey: Guid(5cae17341be2ff247ab7b5fda4c25ebb) Importer(815301076,1909f56bfc062723c751e8b465ee728b)
Start importing Assets/Materials using Guid(5cae17341be2ff247ab7b5fda4c25ebb) Importer(815301076,1909f56bfc062723c751e8b465ee728b)  -> (artifact id: 'a98ba0ed117f20d95bfa6789a9ed5d03') in 0.001478 seconds 
  Import took 0.004447 seconds .

========================================================================
Received Import Request.
  Time since last request: 6.645276 seconds.
  path: Assets/Scripts
  artifactKey: Guid(20e28ffecb5e4a84ca1a66db91d50ae2) Importer(815301076,1909f56bfc062723c751e8b465ee728b)
Start importing Assets/Scripts using Guid(20e28ffecb5e4a84ca1a66db91d50ae2) Importer(815301076,1909f56bfc062723c751e8b465ee728b)  -> (artifact id: '18b2cf988f157e295596d7fe1cab8daf') in 0.001325 seconds 
  Import took 0.004163 seconds .

========================================================================
Received Import Request.
  Time since last request: 235.889362 seconds.
  path: Assets/Prefabs/Cube.prefab
  artifactKey: Guid(cd3d2a483143a8c4cb319c8e51d1c05b) Importer(815301076,1909f56bfc062723c751e8b465ee728b)
Start importing Assets/Prefabs/Cube.prefab using Guid(cd3d2a483143a8c4cb319c8e51d1c05b) Importer(815301076,1909f56bfc062723c751e8b465ee728b)  -> (artifact id: 'e762a0f7e913715b54b4f6146493385b') in 0.108665 seconds 
  Import took 0.111181 seconds .

========================================================================
Received Import Request.
  Time since last request: 3.161043 seconds.
  path: Assets/Prefabs/Cylinder.prefab
  artifactKey: Guid(c6e1c2f68ba14404cbff4cc7f40cd192) Importer(815301076,1909f56bfc062723c751e8b465ee728b)
Start importing Assets/Prefabs/Cylinder.prefab using Guid(c6e1c2f68ba14404cbff4cc7f40cd192) Importer(815301076,1909f56bfc062723c751e8b465ee728b)  -> (artifact id: 'f84ad5e9638bb3a5867c1f5ebfca09f6') in 0.009205 seconds 
  Import took 0.011937 seconds .

========================================================================
Received Import Request.
  Time since last request: 2.825562 seconds.
  path: Assets/Prefabs/Sphere.prefab
  artifactKey: Guid(e097633457b9a4c4aaeb1ac3bead41f7) Importer(815301076,1909f56bfc062723c751e8b465ee728b)
Start importing Assets/Prefabs/Sphere.prefab using Guid(e097633457b9a4c4aaeb1ac3bead41f7) Importer(815301076,1909f56bfc062723c751e8b465ee728b)  -> (artifact id: 'ac00235d7e10dd226322e92e5a344a3c') in 0.007837 seconds 
  Import took 0.010629 seconds .

